<?xml version="1.0" encoding="UTF-8"?>
<!-- Generated by org.testng.reporters.JUnitReportReporter -->
<testsuite hostname="Thaliath" failures="0" tests="22" name="qa.lt.test.Admin_TC" time="106.950" errors="0" timestamp="2023-09-29T22:26:34 IST" skipped="0">
  <testcase classname="qa.lt.test.Admin_TC" name="add_link" time="2.983"/>
  <testcase classname="qa.lt.test.Admin_TC" name="update_link" time="4.854"/>
  <testcase classname="qa.lt.test.Admin_TC" name="delete_link" time="2.918"/>
  <testcase classname="qa.lt.test.Admin_TC" name="add_user" time="3.546"/>
  <testcase classname="qa.lt.test.Admin_TC" name="BackTo_UserHome" time="3.998"/>
  <testcase classname="qa.lt.test.Admin_TC" name="without_fill_adduser" time="2.959"/>
  <testcase classname="qa.lt.test.Admin_TC" name="update_users_details" time="4.267"/>
  <testcase classname="qa.lt.test.Admin_TC" name="learners_Home" time="3.533"/>
  <testcase classname="qa.lt.test.Admin_TC" name="addlearners_link" time="2.876"/>
  <testcase classname="qa.lt.test.Admin_TC" name="add_learners" time="4.109"/>
  <testcase classname="qa.lt.test.Admin_TC" name="add_learner_without_fill" time="10.912"/>
  <testcase classname="qa.lt.test.Admin_TC" name="BackTo_AddLearners" time="3.580"/>
  <testcase classname="qa.lt.test.Admin_TC" name="upload_bulk_user_link" time="3.256"/>
  <testcase classname="qa.lt.test.Admin_TC" name="edit_learn_link" time="3.112"/>
  <testcase classname="qa.lt.test.Admin_TC" name="edit_learners_submit" time="4.189"/>
  <testcase classname="qa.lt.test.Admin_TC" name="BackTo_EditLearners" time="3.570"/>
  <testcase classname="qa.lt.test.Admin_TC" name="delete_lerners" time="5.152"/>
  <testcase classname="qa.lt.test.Admin_TC" name="placemment_link" time="3.457"/>
  <testcase classname="qa.lt.test.Admin_TC" name="update_click" time="3.452"/>
  <testcase classname="qa.lt.test.Admin_TC" name="update_pstatus" time="4.470"/>
  <testcase classname="qa.lt.test.Admin_TC" name="Back_updateplacement" time="5.663"/>
  <testcase classname="qa.lt.test.Admin_TC" name="admin_user_navigation" time="20.094"/>
</testsuite> <!-- qa.lt.test.Admin_TC -->
