<?xml version="1.0" encoding="UTF-8"?>
<!-- Generated by org.testng.reporters.JUnitReportReporter -->
<testsuite hostname="Thaliath" failures="0" tests="10" name="qa.lt.test.Login_TC" time="31.842" errors="0" timestamp="2023-09-29T20:54:03 IST" skipped="0">
  <testcase classname="qa.lt.test.Login_TC" name="verify_url" time="4.341"/>
  <testcase classname="qa.lt.test.Login_TC" name="valid_admin" time="3.336"/>
  <testcase classname="qa.lt.test.Login_TC" name="valid_trainer" time="2.755"/>
  <testcase classname="qa.lt.test.Login_TC" name="valid_pfficer" time="4.285"/>
  <testcase classname="qa.lt.test.Login_TC" name="invalid_pwd" time="2.711"/>
  <testcase classname="qa.lt.test.Login_TC" name="invalid_username" time="3.793"/>
  <testcase classname="qa.lt.test.Login_TC" name="blank_fields" time="2.774"/>
  <testcase classname="qa.lt.test.Login_TC" name="blank_password" time="2.768"/>
  <testcase classname="qa.lt.test.Login_TC" name="blank_username" time="2.960"/>
  <testcase classname="qa.lt.test.Login_TC" name="astrik_check" time="2.119"/>
</testsuite> <!-- qa.lt.test.Login_TC -->
