<?xml version="1.0" encoding="UTF-8"?>
<!-- Generated by org.testng.reporters.JUnitReportReporter -->
<testsuite hostname="Thaliath" failures="0" tests="9" name="qa.lt.test.Learners_TC" time="36.580" errors="0" timestamp="2023-09-29T22:44:07 IST" skipped="0">
  <testcase classname="qa.lt.test.Learners_TC" name="addlearners_link" time="4.455"/>
  <testcase classname="qa.lt.test.Learners_TC" name="add_learners" time="3.864"/>
  <testcase classname="qa.lt.test.Learners_TC" name="add_learner_without_fill" time="4.842"/>
  <testcase classname="qa.lt.test.Learners_TC" name="BackTo_AddLearners" time="4.508"/>
  <testcase classname="qa.lt.test.Learners_TC" name="upload_bulk_user_link" time="2.841"/>
  <testcase classname="qa.lt.test.Learners_TC" name="edit_learn_link" time="3.085"/>
  <testcase classname="qa.lt.test.Learners_TC" name="edit_learners_submit" time="4.062"/>
  <testcase classname="qa.lt.test.Learners_TC" name="BackTo_EditLearners" time="3.516"/>
  <testcase classname="qa.lt.test.Learners_TC" name="delete_lerners" time="5.407"/>
</testsuite> <!-- qa.lt.test.Learners_TC -->
