<?xml version="1.0" encoding="UTF-8"?>
<!-- Generated by org.testng.reporters.JUnitReportReporter -->
<testsuite hostname="Thaliath" failures="0" tests="3" name="qa.lt.test.Logout_TC" time="11.827" errors="0" timestamp="2023-09-29T22:52:05 IST" skipped="0">
  <testcase classname="qa.lt.test.Logout_TC" name="admin_logout" time="6.048"/>
  <testcase classname="qa.lt.test.Logout_TC" name="trainer_logout" time="2.780"/>
  <testcase classname="qa.lt.test.Logout_TC" name="pofficer_logout" time="2.999"/>
</testsuite> <!-- qa.lt.test.Logout_TC -->
