<?xml version="1.0" encoding="UTF-8"?>
<!-- Generated by org.testng.reporters.JUnitReportReporter -->
<testsuite hostname="Thaliath" failures="0" tests="3" name="qa.lt.test.Placement_TC" time="11.785" errors="0" timestamp="2023-09-29T22:48:00 IST" skipped="0">
  <testcase classname="qa.lt.test.Placement_TC" name="update_click" time="3.799"/>
  <testcase classname="qa.lt.test.Placement_TC" name="update_pstatus" time="4.338"/>
  <testcase classname="qa.lt.test.Placement_TC" name="Back_updateplacement" time="3.648"/>
</testsuite> <!-- qa.lt.test.Placement_TC -->
